<?xml version="1.0" encoding="UTF-8"?>
<!-- Generated by org.testng.reporters.JUnitReportReporter -->
<testsuite hostname="Gaurav3150489" name="com.nagarro.RestPractice.GetRequest" tests="1" failures="0" timestamp="3 Jul 2019 07:03:56 GMT" time="1.356" errors="0">
  <testcase name="getWeatherDetail" time="1.356" classname="com.nagarro.RestPractice.GetRequest"/>
</testsuite> <!-- com.nagarro.RestPractice.GetRequest -->
